<?xml version="1.0" encoding="UTF-8"?>
<!-- Generated by org.testng.reporters.JUnitReportReporter -->
<testsuite hostname="DESKTOP-PQQMIHU" failures="0" tests="1" name="com.postwatch.testscripts.Login" time="19.063" errors="0" timestamp="2022-06-04T14:35:36 IST" skipped="0">
  <testcase classname="com.postwatch.testscripts.Login" name="loginPageValidator" time="19.063"/>
  <system-out/>
</testsuite> <!-- com.postwatch.testscripts.Login -->
